[INFO] Scanning for projects...
[INFO] 
[INFO] -----------------< com.decathlon:play-arenas-backend >------------------
[INFO] Building play-arenas-backend 0.0.1-SNAPSHOT
[INFO]   from pom.xml
[INFO] --------------------------------[ jar ]---------------------------------
[INFO] 
[INFO] >>> spring-boot:3.4.1:run (default-cli) > test-compile @ play-arenas-backend >>>
[INFO] 
[INFO] --- resources:3.3.1:resources (default-resources) @ play-arenas-backend ---
[INFO] Copying 1 resource from src/main/resources to target/classes
[INFO] Copying 0 resource from src/main/resources to target/classes
[INFO] 
[INFO] --- compiler:3.13.0:compile (default-compile) @ play-arenas-backend ---
[INFO] Nothing to compile - all classes are up to date.
[INFO] 
[INFO] --- resources:3.3.1:testResources (default-testResources) @ play-arenas-backend ---
[INFO] skip non existing resourceDirectory /Users/chandramouli/Downloads/ANTIGRAVITY/play-arenas/backend/src/test/resources
[INFO] 
[INFO] --- compiler:3.13.0:testCompile (default-testCompile) @ play-arenas-backend ---
[INFO] Nothing to compile - all classes are up to date.
[INFO] 
[INFO] <<< spring-boot:3.4.1:run (default-cli) < test-compile @ play-arenas-backend <<<
[INFO] 
[INFO] 
[INFO] --- spring-boot:3.4.1:run (default-cli) @ play-arenas-backend ---
[INFO] Attaching agents: []

  .   ____          _            __ _ _
 /\\ / ___'_ __ _ _(_)_ __  __ _ \ \ \ \
( ( )\___ | '_ | '_| | '_ \/ _` | \ \ \ \
 \\/  ___)| |_)| | | | | || (_| |  ) ) ) )
  '  |____| .__|_| |_|_| |_\__, | / / / /
 =========|_|==============|___/=/_/_/_/

 :: Spring Boot ::                (v3.4.1)

2026-05-01T22:27:45.089+05:30  INFO 29931 --- [play-arenas-backend] [           main] c.d.p.PlayArenasBackendApplication       : Starting PlayArenasBackendApplication using Java 17.0.11 with PID 29931 (/Users/chandramouli/Downloads/ANTIGRAVITY/play-arenas/backend/target/classes started by chandramouli in /Users/chandramouli/Downloads/ANTIGRAVITY/play-arenas/backend)
2026-05-01T22:27:45.090+05:30  INFO 29931 --- [play-arenas-backend] [           main] c.d.p.PlayArenasBackendApplication       : No active profile set, falling back to 1 default profile: "default"
2026-05-01T22:27:45.390+05:30  INFO 29931 --- [play-arenas-backend] [           main] .s.d.r.c.RepositoryConfigurationDelegate : Bootstrapping Spring Data JPA repositories in DEFAULT mode.
2026-05-01T22:27:45.423+05:30  INFO 29931 --- [play-arenas-backend] [           main] .s.d.r.c.RepositoryConfigurationDelegate : Finished Spring Data repository scanning in 28 ms. Found 2 JPA repository interfaces.
2026-05-01T22:27:45.673+05:30  INFO 29931 --- [play-arenas-backend] [           main] o.s.b.w.embedded.tomcat.TomcatWebServer  : Tomcat initialized with port 8080 (http)
2026-05-01T22:27:45.681+05:30  INFO 29931 --- [play-arenas-backend] [           main] o.apache.catalina.core.StandardService   : Starting service [Tomcat]
2026-05-01T22:27:45.682+05:30  INFO 29931 --- [play-arenas-backend] [           main] o.apache.catalina.core.StandardEngine    : Starting Servlet engine: [Apache Tomcat/10.1.34]
2026-05-01T22:27:45.711+05:30  INFO 29931 --- [play-arenas-backend] [           main] o.a.c.c.C.[Tomcat].[localhost].[/]       : Initializing Spring embedded WebApplicationContext
2026-05-01T22:27:45.711+05:30  INFO 29931 --- [play-arenas-backend] [           main] w.s.c.ServletWebServerApplicationContext : Root WebApplicationContext: initialization completed in 598 ms
2026-05-01T22:27:45.793+05:30  INFO 29931 --- [play-arenas-backend] [           main] o.hibernate.jpa.internal.util.LogHelper  : HHH000204: Processing PersistenceUnitInfo [name: default]
2026-05-01T22:27:45.824+05:30  INFO 29931 --- [play-arenas-backend] [           main] org.hibernate.Version                    : HHH000412: Hibernate ORM core version 6.6.4.Final
2026-05-01T22:27:45.843+05:30  INFO 29931 --- [play-arenas-backend] [           main] o.h.c.internal.RegionFactoryInitiator    : HHH000026: Second-level cache disabled
2026-05-01T22:27:45.977+05:30  INFO 29931 --- [play-arenas-backend] [           main] o.s.o.j.p.SpringPersistenceUnitInfo      : No LoadTimeWeaver setup: ignoring JPA class transformer
2026-05-01T22:27:45.993+05:30  INFO 29931 --- [play-arenas-backend] [           main] com.zaxxer.hikari.HikariDataSource       : HikariPool-1 - Starting...
2026-05-01T22:27:46.107+05:30  INFO 29931 --- [play-arenas-backend] [           main] com.zaxxer.hikari.pool.HikariPool        : HikariPool-1 - Added connection org.postgresql.jdbc.PgConnection@50a7c72b
2026-05-01T22:27:46.108+05:30  INFO 29931 --- [play-arenas-backend] [           main] com.zaxxer.hikari.HikariDataSource       : HikariPool-1 - Start completed.
2026-05-01T22:27:46.133+05:30  WARN 29931 --- [play-arenas-backend] [           main] org.hibernate.orm.deprecation            : HHH90000025: PostgreSQLDialect does not need to be specified explicitly using 'hibernate.dialect' (remove the property setting and it will be selected by default)
2026-05-01T22:27:46.149+05:30  INFO 29931 --- [play-arenas-backend] [           main] org.hibernate.orm.connections.pooling    : HHH10001005: Database info:
	Database JDBC URL [Connecting through datasource 'HikariDataSource (HikariPool-1)']
	Database driver: undefined/unknown
	Database version: 16.13
	Autocommit mode: undefined/unknown
	Isolation level: undefined/unknown
	Minimum pool size: undefined/unknown
	Maximum pool size: undefined/unknown
2026-05-01T22:27:46.566+05:30  INFO 29931 --- [play-arenas-backend] [           main] o.h.e.t.j.p.i.JtaPlatformInitiator       : HHH000489: No JTA platform available (set 'hibernate.transaction.jta.platform' to enable JTA platform integration)
2026-05-01T22:27:46.617+05:30  INFO 29931 --- [play-arenas-backend] [           main] j.LocalContainerEntityManagerFactoryBean : Initialized JPA EntityManagerFactory for persistence unit 'default'
2026-05-01T22:27:46.923+05:30  INFO 29931 --- [play-arenas-backend] [           main] i.t.s.WorkflowServiceStubsImpl           : Created WorkflowServiceStubs for channel: ManagedChannelOrphanWrapper{delegate=ManagedChannelImpl{logId=1, target=localhost:7233}}
2026-05-01T22:27:52.980+05:30  WARN 29931 --- [play-arenas-backend] [           main] ConfigServletWebServerApplicationContext : Exception encountered during context initialization - cancelling refresh attempt: org.springframework.beans.factory.BeanCreationException: Error creating bean with name 'temporalWorker': Invocation of init method failed
2026-05-01T22:27:52.981+05:30  INFO 29931 --- [play-arenas-backend] [           main] io.temporal.worker.WorkerFactory         : shutdown: WorkerFactory{identity=29931@chandramoulis-MacBook-Pro.local}
2026-05-01T22:27:52.986+05:30  INFO 29931 --- [play-arenas-backend] [           main] i.t.s.WorkflowServiceStubsImpl           : shutdown
2026-05-01T22:27:52.988+05:30  INFO 29931 --- [play-arenas-backend] [           main] j.LocalContainerEntityManagerFactoryBean : Closing JPA EntityManagerFactory for persistence unit 'default'
2026-05-01T22:27:52.991+05:30  INFO 29931 --- [play-arenas-backend] [           main] com.zaxxer.hikari.HikariDataSource       : HikariPool-1 - Shutdown initiated...
2026-05-01T22:27:52.992+05:30  INFO 29931 --- [play-arenas-backend] [           main] com.zaxxer.hikari.HikariDataSource       : HikariPool-1 - Shutdown completed.
2026-05-01T22:27:52.994+05:30  INFO 29931 --- [play-arenas-backend] [           main] o.apache.catalina.core.StandardService   : Stopping service [Tomcat]
2026-05-01T22:27:53.002+05:30  INFO 29931 --- [play-arenas-backend] [           main] .s.b.a.l.ConditionEvaluationReportLogger : 

Error starting ApplicationContext. To display the condition evaluation report re-run your application with 'debug' enabled.
2026-05-01T22:27:53.081+05:30 ERROR 29931 --- [play-arenas-backend] [           main] o.s.boot.SpringApplication               : Application run failed

org.springframework.beans.factory.BeanCreationException: Error creating bean with name 'temporalWorker': Invocation of init method failed
	at org.springframework.beans.factory.annotation.InitDestroyAnnotationBeanPostProcessor.postProcessBeforeInitialization(InitDestroyAnnotationBeanPostProcessor.java:222) ~[spring-beans-6.2.1.jar:6.2.1]
	at org.springframework.beans.factory.support.AbstractAutowireCapableBeanFactory.applyBeanPostProcessorsBeforeInitialization(AbstractAutowireCapableBeanFactory.java:423) ~[spring-beans-6.2.1.jar:6.2.1]
	at org.springframework.beans.factory.support.AbstractAutowireCapableBeanFactory.initializeBean(AbstractAutowireCapableBeanFactory.java:1800) ~[spring-beans-6.2.1.jar:6.2.1]
	at org.springframework.beans.factory.support.AbstractAutowireCapableBeanFactory.doCreateBean(AbstractAutowireCapableBeanFactory.java:601) ~[spring-beans-6.2.1.jar:6.2.1]
	at org.springframework.beans.factory.support.AbstractAutowireCapableBeanFactory.createBean(AbstractAutowireCapableBeanFactory.java:523) ~[spring-beans-6.2.1.jar:6.2.1]
	at org.springframework.beans.factory.support.AbstractBeanFactory.lambda$doGetBean$0(AbstractBeanFactory.java:336) ~[spring-beans-6.2.1.jar:6.2.1]
	at org.springframework.beans.factory.support.DefaultSingletonBeanRegistry.getSingleton(DefaultSingletonBeanRegistry.java:289) ~[spring-beans-6.2.1.jar:6.2.1]
	at org.springframework.beans.factory.support.AbstractBeanFactory.doGetBean(AbstractBeanFactory.java:334) ~[spring-beans-6.2.1.jar:6.2.1]
	at org.springframework.beans.factory.support.AbstractBeanFactory.getBean(AbstractBeanFactory.java:199) ~[spring-beans-6.2.1.jar:6.2.1]
	at org.springframework.beans.factory.support.DefaultListableBeanFactory.instantiateSingleton(DefaultListableBeanFactory.java:1122) ~[spring-beans-6.2.1.jar:6.2.1]
	at org.springframework.beans.factory.support.DefaultListableBeanFactory.preInstantiateSingleton(DefaultListableBeanFactory.java:1093) ~[spring-beans-6.2.1.jar:6.2.1]
	at org.springframework.beans.factory.support.DefaultListableBeanFactory.preInstantiateSingletons(DefaultListableBeanFactory.java:1030) ~[spring-beans-6.2.1.jar:6.2.1]
	at org.springframework.context.support.AbstractApplicationContext.finishBeanFactoryInitialization(AbstractApplicationContext.java:987) ~[spring-context-6.2.1.jar:6.2.1]
	at org.springframework.context.support.AbstractApplicationContext.refresh(AbstractApplicationContext.java:627) ~[spring-context-6.2.1.jar:6.2.1]
	at org.springframework.boot.web.servlet.context.ServletWebServerApplicationContext.refresh(ServletWebServerApplicationContext.java:146) ~[spring-boot-3.4.1.jar:3.4.1]
	at org.springframework.boot.SpringApplication.refresh(SpringApplication.java:752) ~[spring-boot-3.4.1.jar:3.4.1]
	at org.springframework.boot.SpringApplication.refreshContext(SpringApplication.java:439) ~[spring-boot-3.4.1.jar:3.4.1]
	at org.springframework.boot.SpringApplication.run(SpringApplication.java:318) ~[spring-boot-3.4.1.jar:3.4.1]
	at org.springframework.boot.SpringApplication.run(SpringApplication.java:1361) ~[spring-boot-3.4.1.jar:3.4.1]
	at org.springframework.boot.SpringApplication.run(SpringApplication.java:1350) ~[spring-boot-3.4.1.jar:3.4.1]
	at com.decathlon.play_arenas_backend.PlayArenasBackendApplication.main(PlayArenasBackendApplication.java:10) ~[classes/:na]
Caused by: io.grpc.StatusRuntimeException: UNAVAILABLE: io exception
	at io.grpc.stub.ClientCalls.toStatusRuntimeException(ClientCalls.java:271) ~[grpc-stub-1.54.1.jar:1.54.1]
	at io.grpc.stub.ClientCalls.getUnchecked(ClientCalls.java:252) ~[grpc-stub-1.54.1.jar:1.54.1]
	at io.grpc.stub.ClientCalls.blockingUnaryCall(ClientCalls.java:165) ~[grpc-stub-1.54.1.jar:1.54.1]
	at io.temporal.api.workflowservice.v1.WorkflowServiceGrpc$WorkflowServiceBlockingStub.getSystemInfo(WorkflowServiceGrpc.java:4645) ~[temporal-serviceclient-1.24.0.jar:na]
	at io.temporal.serviceclient.SystemInfoInterceptor.getServerCapabilitiesOrThrow(SystemInfoInterceptor.java:132) ~[temporal-serviceclient-1.24.0.jar:na]
	at io.temporal.serviceclient.SystemInfoInterceptor.lambda$getServerCapabilitiesWithRetryOrThrow$0(SystemInfoInterceptor.java:118) ~[temporal-serviceclient-1.24.0.jar:na]
	at io.temporal.internal.retryer.GrpcSyncRetryer.retry(GrpcSyncRetryer.java:69) ~[temporal-serviceclient-1.24.0.jar:na]
	at io.temporal.internal.retryer.GrpcRetryer.retryWithResult(GrpcRetryer.java:60) ~[temporal-serviceclient-1.24.0.jar:na]
	at io.temporal.serviceclient.SystemInfoInterceptor.getServerCapabilitiesWithRetryOrThrow(SystemInfoInterceptor.java:117) ~[temporal-serviceclient-1.24.0.jar:na]
	at io.temporal.serviceclient.ChannelManager.lambda$getServerCapabilities$3(ChannelManager.java:324) ~[temporal-serviceclient-1.24.0.jar:na]
	at io.temporal.internal.retryer.GrpcRetryer.retryWithResult(GrpcRetryer.java:60) ~[temporal-serviceclient-1.24.0.jar:na]
	at io.temporal.serviceclient.ChannelManager.connect(ChannelManager.java:298) ~[temporal-serviceclient-1.24.0.jar:na]
	at io.temporal.serviceclient.WorkflowServiceStubsImpl.connect(WorkflowServiceStubsImpl.java:161) ~[temporal-serviceclient-1.24.0.jar:na]
	at java.base/jdk.internal.reflect.NativeMethodAccessorImpl.invoke0(Native Method) ~[na:na]
	at java.base/jdk.internal.reflect.NativeMethodAccessorImpl.invoke(NativeMethodAccessorImpl.java:77) ~[na:na]
	at java.base/jdk.internal.reflect.DelegatingMethodAccessorImpl.invoke(DelegatingMethodAccessorImpl.java:43) ~[na:na]
	at java.base/java.lang.reflect.Method.invoke(Method.java:568) ~[na:na]
	at io.temporal.internal.WorkflowThreadMarker.lambda$protectFromWorkflowThread$1(WorkflowThreadMarker.java:83) ~[temporal-serviceclient-1.24.0.jar:na]
	at jdk.proxy2/jdk.proxy2.$Proxy125.connect(Unknown Source) ~[na:na]
	at io.temporal.worker.WorkerFactory.start(WorkerFactory.java:213) ~[temporal-sdk-1.24.0.jar:na]
	at com.decathlon.play_arenas_backend.workflow.TemporalWorker.startWorker(TemporalWorker.java:27) ~[classes/:na]
	at java.base/jdk.internal.reflect.NativeMethodAccessorImpl.invoke0(Native Method) ~[na:na]
	at java.base/jdk.internal.reflect.NativeMethodAccessorImpl.invoke(NativeMethodAccessorImpl.java:77) ~[na:na]
	at java.base/jdk.internal.reflect.DelegatingMethodAccessorImpl.invoke(DelegatingMethodAccessorImpl.java:43) ~[na:na]
	at java.base/java.lang.reflect.Method.invoke(Method.java:568) ~[na:na]
	at org.springframework.beans.factory.annotation.InitDestroyAnnotationBeanPostProcessor$LifecycleMethod.invoke(InitDestroyAnnotationBeanPostProcessor.java:457) ~[spring-beans-6.2.1.jar:6.2.1]
	at org.springframework.beans.factory.annotation.InitDestroyAnnotationBeanPostProcessor$LifecycleMetadata.invokeInitMethods(InitDestroyAnnotationBeanPostProcessor.java:401) ~[spring-beans-6.2.1.jar:6.2.1]
	at org.springframework.beans.factory.annotation.InitDestroyAnnotationBeanPostProcessor.postProcessBeforeInitialization(InitDestroyAnnotationBeanPostProcessor.java:219) ~[spring-beans-6.2.1.jar:6.2.1]
	... 20 common frames omitted
Caused by: io.grpc.netty.shaded.io.netty.channel.AbstractChannel$AnnotatedConnectException: Connection refused: localhost/[0:0:0:0:0:0:0:1]:7233
Caused by: java.net.ConnectException: Connection refused
	at java.base/sun.nio.ch.Net.pollConnect(Native Method) ~[na:na]
	at java.base/sun.nio.ch.Net.pollConnectNow(Net.java:672) ~[na:na]
	at java.base/sun.nio.ch.SocketChannelImpl.finishConnect(SocketChannelImpl.java:946) ~[na:na]
	at io.grpc.netty.shaded.io.netty.channel.socket.nio.NioSocketChannel.doFinishConnect(NioSocketChannel.java:337) ~[grpc-netty-shaded-1.54.1.jar:1.54.1]
	at io.grpc.netty.shaded.io.netty.channel.nio.AbstractNioChannel$AbstractNioUnsafe.finishConnect(AbstractNioChannel.java:334) ~[grpc-netty-shaded-1.54.1.jar:1.54.1]
	at io.grpc.netty.shaded.io.netty.channel.nio.NioEventLoop.processSelectedKey(NioEventLoop.java:776) ~[grpc-netty-shaded-1.54.1.jar:1.54.1]
	at io.grpc.netty.shaded.io.netty.channel.nio.NioEventLoop.processSelectedKeysOptimized(NioEventLoop.java:724) ~[grpc-netty-shaded-1.54.1.jar:1.54.1]
	at io.grpc.netty.shaded.io.netty.channel.nio.NioEventLoop.processSelectedKeys(NioEventLoop.java:650) ~[grpc-netty-shaded-1.54.1.jar:1.54.1]
	at io.grpc.netty.shaded.io.netty.channel.nio.NioEventLoop.run(NioEventLoop.java:562) ~[grpc-netty-shaded-1.54.1.jar:1.54.1]
	at io.grpc.netty.shaded.io.netty.util.concurrent.SingleThreadEventExecutor$4.run(SingleThreadEventExecutor.java:997) ~[grpc-netty-shaded-1.54.1.jar:1.54.1]
	at io.grpc.netty.shaded.io.netty.util.internal.ThreadExecutorMap$2.run(ThreadExecutorMap.java:74) ~[grpc-netty-shaded-1.54.1.jar:1.54.1]
	at io.grpc.netty.shaded.io.netty.util.concurrent.FastThreadLocalRunnable.run(FastThreadLocalRunnable.java:30) ~[grpc-netty-shaded-1.54.1.jar:1.54.1]
	at java.base/java.lang.Thread.run(Thread.java:842) ~[na:na]

[INFO] ------------------------------------------------------------------------
[INFO] BUILD FAILURE
[INFO] ------------------------------------------------------------------------
[INFO] Total time:  9.563 s
[INFO] Finished at: 2026-05-01T22:27:53+05:30
[INFO] ------------------------------------------------------------------------
[ERROR] Failed to execute goal org.springframework.boot:spring-boot-maven-plugin:3.4.1:run (default-cli) on project play-arenas-backend: Process terminated with exit code: 1 -> [Help 1]
[ERROR] 
[ERROR] To see the full stack trace of the errors, re-run Maven with the -e switch.
[ERROR] Re-run Maven using the -X switch to enable full debug logging.
[ERROR] 
[ERROR] For more information about the errors and possible solutions, please read the following articles:
[ERROR] [Help 1] http://cwiki.apache.org/confluence/display/MAVEN/MojoExecutionException
